{"C:\\laragon\\www\\sistem_maklumat_pelajar\\js\\api.js": {"path":"C:\\laragon\\www\\sistem_maklumat_pelajar\\js\\api.js","statementMap":{"0":{"start":{"line":5,"column":15},"end":{"line":5,"column":43}},"1":{"start":{"line":6,"column":4},"end":{"line":6,"column":26}},"2":{"start":{"line":12,"column":19},"end":{"line":12,"column":56}},"3":{"start":{"line":13,"column":0},"end":{"line":49,"column":1}},"4":{"start":{"line":14,"column":4},"end":{"line":48,"column":7}},"5":{"start":{"line":15,"column":8},"end":{"line":15,"column":27}},"6":{"start":{"line":17,"column":21},"end":{"line":17,"column":65}},"7":{"start":{"line":18,"column":22},"end":{"line":18,"column":67}},"8":{"start":{"line":21,"column":8},"end":{"line":24,"column":9}},"9":{"start":{"line":22,"column":12},"end":{"line":22,"column":106}},"10":{"start":{"line":23,"column":12},"end":{"line":23,"column":19}},"11":{"start":{"line":25,"column":8},"end":{"line":28,"column":9}},"12":{"start":{"line":26,"column":12},"end":{"line":26,"column":99}},"13":{"start":{"line":27,"column":12},"end":{"line":27,"column":19}},"14":{"start":{"line":30,"column":8},"end":{"line":47,"column":9}},"15":{"start":{"line":31,"column":12},"end":{"line":31,"column":98}},"16":{"start":{"line":33,"column":27},"end":{"line":37,"column":14}},"17":{"start":{"line":39,"column":12},"end":{"line":39,"column":70}},"18":{"start":{"line":39,"column":28},"end":{"line":39,"column":70}},"19":{"start":{"line":41,"column":25},"end":{"line":41,"column":44}},"20":{"start":{"line":42,"column":12},"end":{"line":42,"column":126}},"21":{"start":{"line":43,"column":12},"end":{"line":43,"column":31}},"22":{"start":{"line":46,"column":12},"end":{"line":46,"column":108}},"23":{"start":{"line":52,"column":26},"end":{"line":52,"column":66}},"24":{"start":{"line":53,"column":4},"end":{"line":57,"column":5}},"25":{"start":{"line":54,"column":8},"end":{"line":54,"column":49}},"26":{"start":{"line":55,"column":8},"end":{"line":55,"column":112}},"27":{"start":{"line":56,"column":8},"end":{"line":56,"column":39}},"28":{"start":{"line":63,"column":16},"end":{"line":63,"column":50}},"29":{"start":{"line":64,"column":0},"end":{"line":108,"column":1}},"30":{"start":{"line":65,"column":4},"end":{"line":107,"column":7}},"31":{"start":{"line":66,"column":22},"end":{"line":66,"column":73}},"32":{"start":{"line":67,"column":28},"end":{"line":67,"column":66}},"33":{"start":{"line":69,"column":8},"end":{"line":72,"column":9}},"34":{"start":{"line":70,"column":12},"end":{"line":70,"column":131}},"35":{"start":{"line":71,"column":12},"end":{"line":71,"column":19}},"36":{"start":{"line":74,"column":8},"end":{"line":106,"column":9}},"37":{"start":{"line":75,"column":12},"end":{"line":75,"column":140}},"38":{"start":{"line":77,"column":27},"end":{"line":77,"column":84}},"39":{"start":{"line":78,"column":12},"end":{"line":78,"column":86}},"40":{"start":{"line":78,"column":28},"end":{"line":78,"column":86}},"41":{"start":{"line":80,"column":36},"end":{"line":80,"column":55}},"42":{"start":{"line":82,"column":31},"end":{"line":84,"column":13}},"43":{"start":{"line":83,"column":16},"end":{"line":83,"column":69}},"44":{"start":{"line":86,"column":12},"end":{"line":89,"column":13}},"45":{"start":{"line":87,"column":16},"end":{"line":87,"column":143}},"46":{"start":{"line":88,"column":16},"end":{"line":88,"column":23}},"47":{"start":{"line":91,"column":26},"end":{"line":91,"column":51}},"48":{"start":{"line":92,"column":12},"end":{"line":100,"column":15}},"49":{"start":{"line":93,"column":16},"end":{"line":99,"column":18}},"50":{"start":{"line":101,"column":12},"end":{"line":101,"column":32}},"51":{"start":{"line":102,"column":12},"end":{"line":102,"column":44}},"52":{"start":{"line":105,"column":12},"end":{"line":105,"column":131}},"53":{"start":{"line":111,"column":0},"end":{"line":113,"column":1}},"54":{"start":{"line":112,"column":4},"end":{"line":112,"column":37}}},"fnMap":{"0":{"name":"sahkanEmail","decl":{"start":{"line":4,"column":9},"end":{"line":4,"column":20}},"loc":{"start":{"line":4,"column":28},"end":{"line":7,"column":1}},"line":4},"1":{"name":"(anonymous_1)","decl":{"start":{"line":14,"column":42},"end":{"line":14,"column":43}},"loc":{"start":{"line":14,"column":55},"end":{"line":48,"column":5}},"line":14},"2":{"name":"tampilMesej","decl":{"start":{"line":51,"column":9},"end":{"line":51,"column":20}},"loc":{"start":{"line":51,"column":39},"end":{"line":58,"column":1}},"line":51},"3":{"name":"(anonymous_3)","decl":{"start":{"line":65,"column":38},"end":{"line":65,"column":39}},"loc":{"start":{"line":65,"column":50},"end":{"line":107,"column":5}},"line":65},"4":{"name":"(anonymous_4)","decl":{"start":{"line":82,"column":54},"end":{"line":82,"column":55}},"loc":{"start":{"line":83,"column":16},"end":{"line":83,"column":69}},"line":83},"5":{"name":"(anonymous_5)","decl":{"start":{"line":92,"column":31},"end":{"line":92,"column":32}},"loc":{"start":{"line":92,"column":39},"end":{"line":100,"column":13}},"line":92}},"branchMap":{"0":{"loc":{"start":{"line":13,"column":0},"end":{"line":49,"column":1}},"type":"if","locations":[{"start":{"line":13,"column":0},"end":{"line":49,"column":1}},{"start":{},"end":{}}],"line":13},"1":{"loc":{"start":{"line":21,"column":8},"end":{"line":24,"column":9}},"type":"if","locations":[{"start":{"line":21,"column":8},"end":{"line":24,"column":9}},{"start":{},"end":{}}],"line":21},"2":{"loc":{"start":{"line":25,"column":8},"end":{"line":28,"column":9}},"type":"if","locations":[{"start":{"line":25,"column":8},"end":{"line":28,"column":9}},{"start":{},"end":{}}],"line":25},"3":{"loc":{"start":{"line":39,"column":12},"end":{"line":39,"column":70}},"type":"if","locations":[{"start":{"line":39,"column":12},"end":{"line":39,"column":70}},{"start":{},"end":{}}],"line":39},"4":{"loc":{"start":{"line":53,"column":4},"end":{"line":57,"column":5}},"type":"if","locations":[{"start":{"line":53,"column":4},"end":{"line":57,"column":5}},{"start":{},"end":{}}],"line":53},"5":{"loc":{"start":{"line":64,"column":0},"end":{"line":108,"column":1}},"type":"if","locations":[{"start":{"line":64,"column":0},"end":{"line":108,"column":1}},{"start":{},"end":{}}],"line":64},"6":{"loc":{"start":{"line":69,"column":8},"end":{"line":72,"column":9}},"type":"if","locations":[{"start":{"line":69,"column":8},"end":{"line":72,"column":9}},{"start":{},"end":{}}],"line":69},"7":{"loc":{"start":{"line":78,"column":12},"end":{"line":78,"column":86}},"type":"if","locations":[{"start":{"line":78,"column":12},"end":{"line":78,"column":86}},{"start":{},"end":{}}],"line":78},"8":{"loc":{"start":{"line":86,"column":12},"end":{"line":89,"column":13}},"type":"if","locations":[{"start":{"line":86,"column":12},"end":{"line":89,"column":13}},{"start":{},"end":{}}],"line":86},"9":{"loc":{"start":{"line":111,"column":0},"end":{"line":113,"column":1}},"type":"if","locations":[{"start":{"line":111,"column":0},"end":{"line":113,"column":1}},{"start":{},"end":{}}],"line":111},"10":{"loc":{"start":{"line":111,"column":4},"end":{"line":111,"column":51}},"type":"binary-expr","locations":[{"start":{"line":111,"column":4},"end":{"line":111,"column":33}},{"start":{"line":111,"column":37},"end":{"line":111,"column":51}}],"line":111}},"s":{"0":3,"1":3,"2":1,"3":1,"4":1,"5":0,"6":0,"7":0,"8":0,"9":0,"10":0,"11":0,"12":0,"13":0,"14":0,"15":0,"16":0,"17":0,"18":0,"19":0,"20":0,"21":0,"22":0,"23":0,"24":0,"25":0,"26":0,"27":0,"28":1,"29":1,"30":1,"31":0,"32":0,"33":0,"34":0,"35":0,"36":0,"37":0,"38":0,"39":0,"40":0,"41":0,"42":0,"43":0,"44":0,"45":0,"46":0,"47":0,"48":0,"49":0,"50":0,"51":0,"52":0,"53":1,"54":1},"f":{"0":3,"1":0,"2":0,"3":0,"4":0,"5":0},"b":{"0":[1,0],"1":[0,0],"2":[0,0],"3":[0,0],"4":[0,0],"5":[1,0],"6":[0,0],"7":[0,0],"8":[0,0],"9":[1,0],"10":[1,1]},"_coverageSchema":"1a1c01bbd47fc00a2c39e90264f33305004495a9","hash":"b2e5f46ef3fcb011d2ae2e150e585e97de738949"}
}
