TN:
SF:js\api.js
FN:4,sahkanEmail
FN:14,(anonymous_1)
FN:51,tampilMesej
FN:65,(anonymous_3)
FN:82,(anonymous_4)
FN:92,(anonymous_5)
FNF:6
FNH:1
FNDA:3,sahkanEmail
FNDA:0,(anonymous_1)
FNDA:0,tampilMesej
FNDA:0,(anonymous_3)
FNDA:0,(anonymous_4)
FNDA:0,(anonymous_5)
DA:5,3
DA:6,3
DA:12,1
DA:13,1
DA:14,1
DA:15,0
DA:17,0
DA:18,0
DA:21,0
DA:22,0
DA:23,0
DA:25,0
DA:26,0
DA:27,0
DA:30,0
DA:31,0
DA:33,0
DA:39,0
DA:41,0
DA:42,0
DA:43,0
DA:46,0
DA:52,0
DA:53,0
DA:54,0
DA:55,0
DA:56,0
DA:63,1
DA:64,1
DA:65,1
DA:66,0
DA:67,0
DA:69,0
DA:70,0
DA:71,0
DA:74,0
DA:75,0
DA:77,0
DA:78,0
DA:80,0
DA:82,0
DA:83,0
DA:86,0
DA:87,0
DA:88,0
DA:91,0
DA:92,0
DA:93,0
DA:101,0
DA:102,0
DA:105,0
DA:111,1
DA:112,1
LF:53
LH:10
BRDA:13,0,0,1
BRDA:13,0,1,0
BRDA:21,1,0,0
BRDA:21,1,1,0
BRDA:25,2,0,0
BRDA:25,2,1,0
BRDA:39,3,0,0
BRDA:39,3,1,0
BRDA:53,4,0,0
BRDA:53,4,1,0
BRDA:64,5,0,1
BRDA:64,5,1,0
BRDA:69,6,0,0
BRDA:69,6,1,0
BRDA:78,7,0,0
BRDA:78,7,1,0
BRDA:86,8,0,0
BRDA:86,8,1,0
BRDA:111,9,0,1
BRDA:111,9,1,0
BRDA:111,10,0,1
BRDA:111,10,1,1
BRF:22
BRH:5
end_of_record
